00:29:36 INFO | FileManager >> Коллекция загружена из файла.
00:29:36 INFO | CommandManager >> Добавлены команда 
00:29:36 INFO | Server >> Запуск сервера...
00:29:36 INFO | Server >> Сервер запущен успешно.
00:29:56 INFO | Server >> Соединение с клиентом установлено успешно.
00:29:56 INFO | Server >> Запрос info обработан успешно.
00:30:11 INFO | Server >> Клиент отключен от сервера успешно.
00:30:11 INFO | Server >> Соединение с клиентом установлено успешно.
00:30:11 INFO | Server >> Запрос info обработан успешно.
00:46:43 INFO | FileManager >> Коллекция загружена из файла.
00:46:43 INFO | CommandManager >> Добавлены команда 
00:46:43 INFO | Server >> Запуск сервера...
00:46:43 INFO | Server >> Сервер запущен успешно.
00:46:47 INFO | Server >> Соединение с клиентом установлено успешно.
00:46:47 INFO | Server >> Запрос show обработан успешно.
00:46:49 INFO | Server >> Запрос show обработан успешно.
00:47:00 INFO | Server >> Запрос show обработан успешно.
00:47:05 INFO | Server >> Запрос fdh обработан успешно.
00:53:43 INFO | FileManager >> Коллекция загружена из файла.
00:53:43 INFO | CommandManager >> Добавлены команда 
00:53:43 INFO | Server >> Запуск сервера...
00:53:43 INFO | Server >> Сервер запущен успешно.
19:54:23 INFO | FileManager >> Коллекция загружена из файла.
19:54:23 INFO | CommandManager >> Добавлены команда 
19:54:23 INFO | Server >> Запуск сервера...
19:54:23 INFO | Server >> Сервер запущен успешно.
19:54:27 INFO | Server >> Соединение с клиентом установлено успешно.
19:54:27 INFO | Server >> Запрос info обработан успешно.
19:54:35 INFO | Server >> Клиент отключен от сервера успешно.
19:54:35 INFO | Server >> Коллекция сохранена.
20:18:55 INFO | FileManager >> Коллекция загружена из файла.
20:18:55 INFO | CommandManager >> Добавлены команда 
20:18:55 INFO | Server >> Запуск сервера...
20:18:55 INFO | Server >> Сервер запущен успешно.
20:21:38 INFO | FileManager >> Коллекция загружена из файла.
20:21:38 INFO | CommandManager >> Добавлены команда 
20:21:38 INFO | Server >> Запуск сервера...
20:21:38 INFO | Server >> Сервер запущен успешно.
