10:58:41 INFO | FileManager >> Коллекция загружена из файла.
10:58:41 INFO | CommandManager >> Добавлены команда 
10:58:41 INFO | Server >> Запуск сервера...
10:58:41 INFO | Server >> Сервер запущен успешно.
10:58:55 INFO | Server >> Соединение с клиентом установлено успешно.
10:58:55 INFO | Server >> Запрос обработан успешно.
10:59:05 INFO | Server >> Запрос обработан успешно.
11:00:49 INFO | FileManager >> Коллекция загружена из файла.
11:00:49 INFO | CommandManager >> Добавлены команда 
11:00:49 INFO | Server >> Запуск сервера...
11:00:49 INFO | Server >> Сервер запущен успешно.
11:00:53 INFO | Server >> Соединение с клиентом установлено успешно.
11:00:53 INFO | Server >> Запрос обработан успешно.
11:01:02 INFO | Server >> Запрос обработан успешно.
11:01:05 INFO | Server >> Запрос обработан успешно.
11:34:55 INFO | FileManager >> Коллекция загружена из файла.
11:34:55 INFO | CommandManager >> Добавлены команда 
11:34:55 INFO | Server >> Запуск сервера...
11:34:55 INFO | Server >> Сервер запущен успешно.
11:35:05 INFO | Server >> Соединение с клиентом установлено успешно.
11:35:05 INFO | Server >> Запрос обработан успешно.
11:35:22 INFO | Server >> Клиент отключен от сервера успешно.
11:35:22 INFO | Server >> Коллекция сохранена.
11:36:52 INFO | FileManager >> Коллекция загружена из файла.
11:36:52 INFO | CommandManager >> Добавлены команда 
11:36:52 INFO | Server >> Запуск сервера...
11:36:52 INFO | Server >> Сервер запущен успешно.
11:36:59 INFO | Server >> Соединение с клиентом установлено успешно.
11:36:59 INFO | Server >> Запрос обработан успешно.
11:37:03 INFO | Server >> Запрос обработан успешно.
11:37:12 INFO | Server >> Клиент отключен от сервера успешно.
11:37:13 INFO | Server >> Коллекция сохранена.
11:42:17 INFO | FileManager >> Коллекция загружена из файла.
11:42:17 INFO | CommandManager >> Добавлены команда 
11:42:17 INFO | Server >> Запуск сервера...
11:42:17 INFO | Server >> Сервер запущен успешно.
11:42:24 INFO | Server >> Соединение с клиентом установлено успешно.
11:42:24 INFO | Server >> Запрос обработан успешно.
11:43:58 INFO | FileManager >> Коллекция загружена из файла.
11:43:58 INFO | CommandManager >> Добавлены команда 
11:43:58 INFO | Server >> Запуск сервера...
11:43:58 INFO | Server >> Сервер запущен успешно.
11:44:06 INFO | Server >> Соединение с клиентом установлено успешно.
11:44:06 INFO | Server >> Запрос обработан успешно.
11:44:13 INFO | Server >> Клиент отключен от сервера успешно.
11:44:13 INFO | Server >> Коллекция сохранена.
11:47:18 INFO | FileManager >> Коллекция загружена из файла.
11:47:18 INFO | CommandManager >> Добавлены команда 
11:47:18 INFO | Server >> Запуск сервера...
11:47:18 INFO | Server >> Сервер запущен успешно.
11:47:25 INFO | Server >> Соединение с клиентом установлено успешно.
11:47:26 INFO | Server >> Запрос обработан успешно.
11:47:34 INFO | Server >> Клиент отключен от сервера успешно.
11:47:35 INFO | Server >> Коллекция сохранена.
11:48:35 ERROR| Server >> Превышено время ожидания подключения.
11:48:41 INFO | FileManager >> Коллекция загружена из файла.
11:48:41 INFO | CommandManager >> Добавлены команда 
11:48:41 INFO | Server >> Запуск сервера...
11:48:41 INFO | Server >> Сервер запущен успешно.
11:48:47 INFO | Server >> Соединение с клиентом установлено успешно.
11:48:47 INFO | Server >> Запрос обработан успешно.
11:48:56 INFO | Server >> Клиент отключен от сервера успешно.
11:48:56 INFO | Server >> Коллекция сохранена.
11:54:09 INFO | FileManager >> Коллекция загружена из файла.
11:54:09 INFO | CommandManager >> Добавлены команда 
11:54:09 INFO | Server >> Запуск сервера...
11:54:09 INFO | Server >> Сервер запущен успешно.
11:54:15 INFO | Server >> Соединение с клиентом установлено успешно.
11:54:15 INFO | Server >> Запрос обработан успешно.
11:54:24 INFO | Server >> Клиент отключен от сервера успешно.
11:55:33 INFO | FileManager >> Коллекция загружена из файла.
11:55:33 INFO | CommandManager >> Добавлены команда 
11:55:33 INFO | Server >> Запуск сервера...
11:55:33 INFO | Server >> Сервер запущен успешно.
11:56:22 INFO | FileManager >> Коллекция загружена из файла.
11:56:22 INFO | CommandManager >> Добавлены команда 
11:56:22 INFO | Server >> Запуск сервера...
11:56:22 INFO | Server >> Сервер запущен успешно.
12:01:11 INFO | FileManager >> Коллекция загружена из файла.
12:01:11 INFO | CommandManager >> Добавлены команда 
12:01:11 INFO | Server >> Запуск сервера...
12:01:11 INFO | Server >> Сервер запущен успешно.
12:01:17 INFO | Server >> Соединение с клиентом установлено успешно.
12:01:17 INFO | Server >> Запрос обработан успешно.
12:01:26 INFO | Server >> Клиент отключен от сервера успешно.
12:01:27 INFO | Server >> Коллекция сохранена.
12:03:45 INFO | FileManager >> Коллекция загружена из файла.
12:03:45 INFO | CommandManager >> Добавлены команда 
12:03:45 INFO | Server >> Запуск сервера...
12:03:45 INFO | Server >> Сервер запущен успешно.
12:06:53 INFO | FileManager >> Коллекция загружена из файла.
12:06:53 INFO | CommandManager >> Добавлены команда 
12:06:53 INFO | Server >> Запуск сервера...
12:06:53 INFO | Server >> Сервер запущен успешно.
12:06:59 INFO | Server >> Соединение с клиентом установлено успешно.
12:06:59 INFO | Server >> Запрос обработан успешно.
12:07:07 INFO | Server >> Клиент отключен от сервера успешно.
12:07:07 INFO | Server >> Коллекция сохранена.
12:11:45 INFO | FileManager >> Коллекция загружена из файла.
12:11:45 INFO | CommandManager >> Добавлены команда 
12:11:45 INFO | Server >> Запуск сервера...
12:11:45 INFO | Server >> Сервер запущен успешно.
12:11:51 INFO | Server >> Соединение с клиентом установлено успешно.
12:11:51 INFO | Server >> Запрос обработан успешно.
12:12:00 INFO | Server >> Клиент отключен от сервера успешно.
12:12:00 INFO | Server >> Коллекция сохранена.
12:19:30 INFO | FileManager >> Коллекция загружена из файла.
12:19:30 INFO | CommandManager >> Добавлены команда 
12:19:30 INFO | Server >> Запуск сервера...
12:19:30 INFO | Server >> Сервер запущен успешно.
12:19:37 INFO | Server >> Соединение с клиентом установлено успешно.
12:19:37 INFO | Server >> Запрос обработан успешно.
12:19:44 INFO | Server >> Клиент отключен от сервера успешно.
12:19:44 INFO | Server >> Коллекция сохранена.
12:28:21 INFO | FileManager >> Коллекция загружена из файла.
12:28:21 INFO | CommandManager >> Добавлены команда 
12:28:21 INFO | Server >> Запуск сервера...
12:28:21 INFO | Server >> Сервер запущен успешно.
12:28:27 INFO | Server >> Соединение с клиентом установлено успешно.
12:28:28 INFO | Server >> Запрос обработан успешно.
12:28:45 INFO | FileManager >> Коллекция загружена из файла.
12:28:45 INFO | CommandManager >> Добавлены команда 
12:28:45 INFO | Server >> Запуск сервера...
12:28:45 INFO | Server >> Сервер запущен успешно.
12:31:18 INFO | FileManager >> Коллекция загружена из файла.
12:31:18 INFO | CommandManager >> Добавлены команда 
12:31:18 INFO | Server >> Запуск сервера...
12:31:18 INFO | Server >> Сервер запущен успешно.
12:31:24 INFO | Server >> Соединение с клиентом установлено успешно.
12:31:25 INFO | Server >> Запрос обработан успешно.
12:31:34 INFO | Server >> Клиент отключен от сервера успешно.
12:31:34 INFO | Server >> Коллекция сохранена.
14:29:05 INFO | FileManager >> Коллекция загружена из файла.
14:29:05 INFO | CommandManager >> Добавлены команда 
14:29:05 INFO | Server >> Запуск сервера...
14:29:05 INFO | Server >> Сервер запущен успешно.
14:29:24 INFO | Server >> Соединение с клиентом установлено успешно.
14:29:24 INFO | Server >> Запрос обработан успешно.
14:29:41 INFO | Server >> Клиент отключен от сервера успешно.
14:29:41 INFO | Server >> Коллекция сохранена.
22:27:30 INFO | FileManager >> Коллекция загружена из файла.
22:27:30 INFO | CommandManager >> Добавлены команда 
22:27:30 INFO | Server >> Запуск сервера...
22:27:30 INFO | Server >> Сервер запущен успешно.
22:27:36 INFO | Server >> Соединение с клиентом установлено успешно.
22:27:36 INFO | Server >> Запрос обработан успешно.
22:27:39 INFO | Server >> Коллекция сохранена.
